<?xml version="1.0" encoding="UTF-8"?>
<!-- Generated by org.testng.reporters.JUnitXMLReporter -->
<testsuite ignored="0" hostname="DESKTOP-EB9O5J4" failures="0" tests="2" name="Default test" time="0.159" errors="0" timestamp="2023-02-13T14:16:18 IST">
  <testcase classname="testNgPack.TestNgAuto" name="@BeforeTest openBrowser" time="-1.676277978384E9">
    <failure type="org.testng.TestNGException" message="
Parameter &amp;apos;browser&amp;apos; is required by BeforeTest on method openBrowser but has not been marked @Optional or defined
in C:\Users\SOFT\AppData\Local\Temp\testng-eclipse-1279399862\testng-customsuite.xml">
      <![CDATA[org.testng.TestNGException: 
Parameter 'browser' is required by BeforeTest on method openBrowser but has not been marked @Optional or defined
in C:\Users\SOFT\AppData\Local\Temp\testng-eclipse-1279399862\testng-customsuite.xml
at org.testng.internal.Parameters.createParams(Parameters.java:270)
at org.testng.internal.Parameters.createParametersForMethod(Parameters.java:358)
at org.testng.internal.Parameters.createParameters(Parameters.java:700)
at org.testng.internal.Parameters.createConfigurationParameters(Parameters.java:168)
at org.testng.internal.ConfigInvoker.invokeConfigurations(ConfigInvoker.java:302)
at org.testng.TestRunner.invokeTestConfigurations(TestRunner.java:637)
at org.testng.TestRunner.beforeRun(TestRunner.java:627)
at org.testng.TestRunner.run(TestRunner.java:589)
at org.testng.SuiteRunner.runTest(SuiteRunner.java:377)
at org.testng.SuiteRunner.runSequentially(SuiteRunner.java:371)
at org.testng.SuiteRunner.privateRun(SuiteRunner.java:332)
at org.testng.SuiteRunner.run(SuiteRunner.java:276)
at org.testng.SuiteRunnerWorker.runSuite(SuiteRunnerWorker.java:53)
at org.testng.SuiteRunnerWorker.run(SuiteRunnerWorker.java:96)
at org.testng.TestNG.runSuitesSequentially(TestNG.java:1212)
at org.testng.TestNG.runSuitesLocally(TestNG.java:1134)
at org.testng.TestNG.runSuites(TestNG.java:1063)
at org.testng.TestNG.run(TestNG.java:1031)
at org.testng.remote.AbstractRemoteTestNG.run(AbstractRemoteTestNG.java:115)
at org.testng.remote.RemoteTestNG.initAndRun(RemoteTestNG.java:251)
at org.testng.remote.RemoteTestNG.main(RemoteTestNG.java:77)
]]>
    </failure>
  </testcase> <!-- @BeforeTest openBrowser -->
  <testcase classname="testNgPack.TestNgAuto" name="@BeforeClass objectCreate" time="-1.676277978436E9">
    <skipped/>
  </testcase> <!-- @BeforeClass objectCreate -->
  <testcase classname="testNgPack.TestNgAuto" name="@BeforeMethod signupForm" time="-1.676277978473E9">
    <skipped/>
  </testcase> <!-- @BeforeMethod signupForm -->
  <testcase classname="testNgPack.TestNgAuto" name="@AfterMethod closedCrrentTab" time="-1.676277978485E9">
    <skipped/>
  </testcase> <!-- @AfterMethod closedCrrentTab -->
  <testcase classname="testNgPack.TestNgAuto" name="@BeforeMethod signupForm" time="-1.67627797849E9">
    <skipped/>
  </testcase> <!-- @BeforeMethod signupForm -->
  <testcase classname="testNgPack.TestNgAuto" name="@AfterMethod closedCrrentTab" time="-1.676277978504E9">
    <skipped/>
  </testcase> <!-- @AfterMethod closedCrrentTab -->
  <testcase classname="testNgPack.TestNgAuto" name="@AfterClass clearObject" time="-1.676277978513E9">
    <skipped/>
  </testcase> <!-- @AfterClass clearObject -->
  <testcase classname="testNgPack.TestNgAuto" name="@AfterTest closeBrowser" time="-1.676277978524E9">
    <skipped/>
  </testcase> <!-- @AfterTest closeBrowser -->
  <testcase classname="testNgPack.TestNgAuto" name="verifyPrivacyPolicy" time="0.0">
    <skipped/>
  </testcase> <!-- verifyPrivacyPolicy -->
  <testcase classname="testNgPack.TestNgAuto" name="verifyTermsLink" time="0.0">
    <skipped/>
  </testcase> <!-- verifyTermsLink -->
</testsuite> <!-- Default test -->
